<?xml version="1.0" encoding="UTF-8"?>
<!-- Generated by org.testng.reporters.JUnitReportReporter -->
<testsuite hostname="sakib" name="cstech.com.Testngtest.Test.Logintest" tests="1" failures="0" timestamp="26 Jul 2017 09:21:44 GMT" time="18.300" errors="0">
  <testcase name="loginTest" time="18.300" classname="cstech.com.Testngtest.Test.Logintest"/>
</testsuite> <!-- cstech.com.Testngtest.Test.Logintest -->
