<?xml version="1.0" encoding="UTF-8"?>
<!-- Generated by org.testng.reporters.JUnitReportReporter -->
<testsuite hostname="sakib" name="cstech.com.Testngtest.Utils.DriverManager" tests="1" failures="0" timestamp="24 Jul 2017 12:47:56 GMT" time="0.023" errors="0">
  <testcase name="DriverManagerTest" time="0.023" classname="cstech.com.Testngtest.Utils.DriverManager"/>
</testsuite> <!-- cstech.com.Testngtest.Utils.DriverManager -->
