<?xml version="1.0" encoding="UTF-8"?>
<!-- Generated by org.testng.reporters.JUnitReportReporter -->
<testsuite hostname="sakib" name="cstech.com.Testngtest.Test.FlightFinder" tests="3" failures="0" timestamp="26 Jul 2017 15:00:43 GMT" time="37.915" errors="0">
  <testcase name="waitforpageload" time="0.080" classname="cstech.com.Testngtest.Test.FlightFinder"/>
  <testcase name="flightfinderTest2" time="11.700" classname="cstech.com.Testngtest.Test.FlightFinder"/>
  <testcase name="login" time="26.135" classname="cstech.com.Testngtest.Test.FlightFinder"/>
</testsuite> <!-- cstech.com.Testngtest.Test.FlightFinder -->
