<?xml version="1.0" encoding="UTF-8"?>
<!-- Generated by org.testng.reporters.JUnitReportReporter -->
<testsuite hostname="sakib" name="cstech.com.Testngtest.Test.BookFlight" tests="3" failures="0" timestamp="26 Jul 2017 16:01:38 GMT" time="34.805" errors="0">
  <testcase name="waitforpageload3" time="0.029" classname="cstech.com.Testngtest.Test.BookFlight"/>
  <testcase name="BookFlight2" time="5.542" classname="cstech.com.Testngtest.Test.BookFlight"/>
  <testcase name="SelectFlightTest" time="29.234" classname="cstech.com.Testngtest.Test.BookFlight"/>
</testsuite> <!-- cstech.com.Testngtest.Test.BookFlight -->
